{
  "stats": {
    "suites": 2,
    "tests": 7,
    "passes": 7,
    "pending": 0,
    "failures": 0,
    "start": "2019-03-21T20:37:17.007Z",
    "end": "2019-03-21T20:37:19.838Z",
    "duration": 2831,
    "testsRegistered": 7,
    "passPercent": 100,
    "pendingPercent": 0,
    "other": 0,
    "hasOther": false,
    "skipped": 0,
    "hasSkipped": false,
    "passPercentClass": "success",
    "pendingPercentClass": "danger"
  },
  "suites": {
    "uuid": "703117c3-ba98-49e4-ac29-868e93484494",
    "title": "",
    "fullFile": "",
    "file": "",
    "beforeHooks": [],
    "afterHooks": [],
    "tests": [],
    "suites": [
      {
        "uuid": "e51c8ce0-3e02-4015-9073-8c29644a2589",
        "title": "Firefox Environments",
        "fullFile": "/home/harkishen/Development/GO/Jarvis-personal-assistant/tests/test.js",
        "file": "/test.js",
        "beforeHooks": [],
        "afterHooks": [],
        "tests": [
          {
            "title": "Creating virtual browser instances",
            "fullTitle": "Firefox Environments Creating virtual browser instances",
            "timedOut": false,
            "duration": 1873,
            "state": "passed",
            "speed": "slow",
            "pass": true,
            "fail": false,
            "pending": false,
            "code": "driver = new webdriver.Builder()\n            .setFirefoxOptions(options)\n            .forBrowser('firefox')\n            .build();\ndriver.then(() => {\n    done();\n});",
            "err": {},
            "isRoot": false,
            "uuid": "6b1d206e-c481-4160-ab07-675754d008ad",
            "isHook": false,
            "skipped": false
          },
          {
            "title": "Opening Jarvis assistant",
            "fullTitle": "Firefox Environments Opening Jarvis assistant",
            "timedOut": false,
            "duration": 311,
            "state": "passed",
            "speed": "slow",
            "pass": true,
            "fail": false,
            "pending": false,
            "code": "driver.get('http://127.0.0.1:8080').then(() => {\n    done();\n});",
            "err": {},
            "isRoot": false,
            "uuid": "eda4605b-2e9b-44d6-bda8-cc93c2a9e144",
            "isHook": false,
            "skipped": false
          }
        ],
        "suites": [
          {
            "uuid": "6924e8cd-5c69-4ef2-8e1c-78265554ef8f",
            "title": "Jarvis assistant operations",
            "fullFile": "/home/harkishen/Development/GO/Jarvis-personal-assistant/tests/test.js",
            "file": "/test.js",
            "beforeHooks": [],
            "afterHooks": [],
            "tests": [
              {
                "title": "Search for message bar",
                "fullTitle": "Firefox Environments Jarvis assistant operations Search for message bar",
                "timedOut": false,
                "duration": 55,
                "state": "passed",
                "speed": "medium",
                "pass": true,
                "fail": false,
                "pending": false,
                "code": "driver.findElement(By.xpath('//*[@id=\"message-input\"]')).then(() => {\n    done();\n});",
                "err": {},
                "isRoot": false,
                "uuid": "3245976e-f1ae-4695-b9ca-fbadd085ebcc",
                "isHook": false,
                "skipped": false
              },
              {
                "title": "Insert message",
                "fullTitle": "Firefox Environments Jarvis assistant operations Insert message",
                "timedOut": false,
                "duration": 529,
                "state": "passed",
                "speed": "slow",
                "pass": true,
                "fail": false,
                "pending": false,
                "code": "driver.findElement(By.xpath('//*[@id=\"message-input\"]')).click();\ndriver.findElement(By.xpath('//*[@id=\"message-input\"]')).then(vals => {\n    vals.sendKeys('Hi! This is selenium Bot.');\n    driver.findElement(By.xpath('//*[@id=\"message-bar-send\"]')).click().then( rr => {\n        done();\n    });\n});",
                "err": {},
                "isRoot": false,
                "uuid": "e1ede7a4-b1ea-4221-9183-ee8fcafc1068",
                "isHook": false,
                "skipped": false
              },
              {
                "title": "Show message in chat screen",
                "fullTitle": "Firefox Environments Jarvis assistant operations Show message in chat screen",
                "timedOut": false,
                "duration": 11,
                "state": "passed",
                "speed": "fast",
                "pass": true,
                "fail": false,
                "pending": false,
                "code": "driver.findElement(By.xpath('//*[@id=\"stackArea\"]/div')).then(() => {\n    done();\n});",
                "err": {},
                "isRoot": false,
                "uuid": "b4152e7a-9e93-4750-9605-362521193887",
                "isHook": false,
                "skipped": false
              },
              {
                "title": "Preventing messages for empty mesages, using alert warning check",
                "fullTitle": "Firefox Environments Jarvis assistant operations Preventing messages for empty mesages, using alert warning check",
                "timedOut": false,
                "duration": 41,
                "state": "passed",
                "speed": "medium",
                "pass": true,
                "fail": false,
                "pending": false,
                "code": "driver.findElement(By.xpath('//*[@id=\"message-bar-send\"]')).click().then( rr => {\n    driver.switchTo().alert().then(() => {\n        done();\n    });\n});",
                "err": {},
                "isRoot": false,
                "uuid": "fc6777d4-0887-4e59-ad1b-98929d00561e",
                "isHook": false,
                "skipped": false
              },
              {
                "title": "Closing browser",
                "fullTitle": "Firefox Environments Jarvis assistant operations Closing browser",
                "timedOut": false,
                "duration": 1,
                "state": "passed",
                "speed": "fast",
                "pass": true,
                "fail": false,
                "pending": false,
                "code": "driver.quit();",
                "err": {},
                "isRoot": false,
                "uuid": "20e84d39-54eb-4286-bcb8-8f0f4eac50d6",
                "isHook": false,
                "skipped": false
              }
            ],
            "suites": [],
            "passes": [
              "3245976e-f1ae-4695-b9ca-fbadd085ebcc",
              "e1ede7a4-b1ea-4221-9183-ee8fcafc1068",
              "b4152e7a-9e93-4750-9605-362521193887",
              "fc6777d4-0887-4e59-ad1b-98929d00561e",
              "20e84d39-54eb-4286-bcb8-8f0f4eac50d6"
            ],
            "failures": [],
            "pending": [],
            "skipped": [],
            "duration": 637,
            "root": false,
            "rootEmpty": false,
            "_timeout": 30000
          }
        ],
        "passes": [
          "6b1d206e-c481-4160-ab07-675754d008ad",
          "eda4605b-2e9b-44d6-bda8-cc93c2a9e144"
        ],
        "failures": [],
        "pending": [],
        "skipped": [],
        "duration": 2184,
        "root": false,
        "rootEmpty": false,
        "_timeout": 60000
      }
    ],
    "passes": [],
    "failures": [],
    "pending": [],
    "skipped": [],
    "duration": 0,
    "root": true,
    "rootEmpty": true,
    "_timeout": 2000
  },
  "copyrightYear": 2019
}